\BOOKMARK [0][-]{chapter.1}{\376\377\0001\000\040\000T\000S\000I\000P\000\040\000D\000e\000c\000o\000d\000e\000r}{}% 1
\BOOKMARK [1][-]{section.1.1}{\376\377\0001\000.\0001\000\040\000I\000n\000t\000r\000o\000d\000u\000c\000t\000i\000o\000n}{chapter.1}% 2
\BOOKMARK [1][-]{section.1.2}{\376\377\0001\000.\0002\000\040\000I\000n\000s\000t\000a\000l\000l\000a\000t\000i\000o\000n}{chapter.1}% 3
\BOOKMARK [1][-]{section.1.3}{\376\377\0001\000.\0003\000\040\000D\000e\000c\000o\000d\000e\000r}{chapter.1}% 4
\BOOKMARK [1][-]{section.1.4}{\376\377\0001\000.\0004\000\040\000T\000e\000s\000t\000s}{chapter.1}% 5
\BOOKMARK [0][-]{chapter.2}{\376\377\0002\000\040\000u\000a\000v\000n\000a\000v\000\137\000t\000s\000i\000p}{}% 6
\BOOKMARK [0][-]{chapter.3}{\376\377\0003\000\040\000F\000i\000l\000e\000\040\000I\000n\000d\000e\000x}{}% 7
\BOOKMARK [1][-]{section.3.1}{\376\377\0003\000.\0001\000\040\000F\000i\000l\000e\000\040\000L\000i\000s\000t}{chapter.3}% 8
\BOOKMARK [0][-]{chapter.4}{\376\377\0004\000\040\000F\000i\000l\000e\000\040\000D\000o\000c\000u\000m\000e\000n\000t\000a\000t\000i\000o\000n}{}% 9
\BOOKMARK [1][-]{section.4.1}{\376\377\0004\000.\0001\000\040\000D\000O\000X\000Y\000G\000E\000N\000\137\000F\000R\000O\000N\000T\000P\000A\000G\000E\000.\000m\000d\000\040\000F\000i\000l\000e\000\040\000R\000e\000f\000e\000r\000e\000n\000c\000e}{chapter.4}% 10
\BOOKMARK [1][-]{section.4.2}{\376\377\0004\000.\0002\000\040\000R\000E\000A\000D\000M\000E\000.\000m\000d\000\040\000F\000i\000l\000e\000\040\000R\000e\000f\000e\000r\000e\000n\000c\000e}{chapter.4}% 11
\BOOKMARK [1][-]{section.4.3}{\376\377\0004\000.\0003\000\040\000t\000s\000i\000p\000\137\000d\000e\000c\000o\000d\000e\000.\000h\000\040\000F\000i\000l\000e\000\040\000R\000e\000f\000e\000r\000e\000n\000c\000e}{chapter.4}% 12
\BOOKMARK [2][-]{subsection.4.3.1}{\376\377\0004\000.\0003\000.\0001\000\040\000D\000e\000t\000a\000i\000l\000e\000d\000\040\000D\000e\000s\000c\000r\000i\000p\000t\000i\000o\000n}{section.4.3}% 13
\BOOKMARK [2][-]{subsection.4.3.2}{\376\377\0004\000.\0003\000.\0002\000\040\000M\000a\000c\000r\000o\000\040\000D\000e\000f\000i\000n\000i\000t\000i\000o\000n\000\040\000D\000o\000c\000u\000m\000e\000n\000t\000a\000t\000i\000o\000n}{section.4.3}% 14
\BOOKMARK [3][-]{subsubsection.4.3.2.1}{\376\377\0004\000.\0003\000.\0002\000.\0001\000\040\000B\000L\000O\000C\000K\000\137\000S\000I\000Z\000E}{subsection.4.3.2}% 15
\BOOKMARK [3][-]{subsubsection.4.3.2.2}{\376\377\0004\000.\0003\000.\0002\000.\0002\000\040\000D\000E\000B\000U\000G}{subsection.4.3.2}% 16
\BOOKMARK [3][-]{subsubsection.4.3.2.3}{\376\377\0004\000.\0003\000.\0002\000.\0003\000\040\000M\000A\000X\000\137\000C\000O\000M\000\137\000S\000I\000Z\000E}{subsection.4.3.2}% 17
\BOOKMARK [3][-]{subsubsection.4.3.2.4}{\376\377\0004\000.\0003\000.\0002\000.\0004\000\040\000M\000A\000X\000\137\000D\000A\000T\000A\000\137\000S\000I\000Z\000E}{subsection.4.3.2}% 18
\BOOKMARK [3][-]{subsubsection.4.3.2.5}{\376\377\0004\000.\0003\000.\0002\000.\0005\000\040\000N\000\137\000T\000H\000R\000E\000A\000D\000S}{subsection.4.3.2}% 19
\BOOKMARK [2][-]{subsection.4.3.3}{\376\377\0004\000.\0003\000.\0003\000\040\000E\000n\000u\000m\000e\000r\000a\000t\000i\000o\000n\000\040\000T\000y\000p\000e\000\040\000D\000o\000c\000u\000m\000e\000n\000t\000a\000t\000i\000o\000n}{section.4.3}% 20
\BOOKMARK [3][-]{subsubsection.4.3.3.1}{\376\377\0004\000.\0003\000.\0003\000.\0001\000\040\000f\000l\000a\000g\000\137\000t\000y\000p\000e\000\137\000e\000n\000u\000m}{subsection.4.3.3}% 21
\BOOKMARK [3][-]{subsubsection.4.3.3.2}{\376\377\0004\000.\0003\000.\0003\000.\0002\000\040\000v\000a\000l\000i\000d\000a\000t\000e\000\137\000e\000r\000r\000o\000r}{subsection.4.3.3}% 22
\BOOKMARK [2][-]{subsection.4.3.4}{\376\377\0004\000.\0003\000.\0004\000\040\000F\000u\000n\000c\000t\000i\000o\000n\000\040\000D\000o\000c\000u\000m\000e\000n\000t\000a\000t\000i\000o\000n}{section.4.3}% 23
\BOOKMARK [3][-]{subsubsection.4.3.4.1}{\376\377\0004\000.\0003\000.\0004\000.\0001\000\040\000d\000a\000t\000a\000\137\000p\000a\000r\000s\000e\000\050\000\051}{subsection.4.3.4}% 24
\BOOKMARK [3][-]{subsubsection.4.3.4.2}{\376\377\0004\000.\0003\000.\0004\000.\0002\000\040\000d\000a\000t\000a\000\137\000r\000e\000a\000d\000\050\000\051}{subsection.4.3.4}% 25
\BOOKMARK [3][-]{subsubsection.4.3.4.3}{\376\377\0004\000.\0003\000.\0004\000.\0003\000\040\000e\000x\000t\000r\000a\000c\000t\000\137\000d\000a\000t\000a\000\050\000\051}{subsection.4.3.4}% 26
\BOOKMARK [3][-]{subsubsection.4.3.4.4}{\376\377\0004\000.\0003\000.\0004\000.\0004\000\040\000h\000a\000n\000g\000i\000n\000g\000\137\000d\000l\000e\000\137\000t\000e\000s\000t\000\050\000\051}{subsection.4.3.4}% 27
\BOOKMARK [3][-]{subsubsection.4.3.4.5}{\376\377\0004\000.\0003\000.\0004\000.\0005\000\040\000p\000a\000c\000k\000e\000t\000\137\000d\000e\000c\000o\000d\000e\000\050\000\051}{subsection.4.3.4}% 28
\BOOKMARK [3][-]{subsubsection.4.3.4.6}{\376\377\0004\000.\0003\000.\0004\000.\0006\000\040\000T\000a\000s\000k\000U\000p\000L\000i\000n\000k\0002\0000\0000\000H\000z\000\050\000\051}{subsection.4.3.4}% 29
\BOOKMARK [3][-]{subsubsection.4.3.4.7}{\376\377\0004\000.\0003\000.\0004\000.\0007\000\040\000t\000r\000a\000i\000l\000i\000n\000g\000\137\000d\000a\000t\000a\000\137\000s\000t\000o\000r\000e\000\050\000\051}{subsection.4.3.4}% 30
\BOOKMARK [3][-]{subsubsection.4.3.4.8}{\376\377\0004\000.\0003\000.\0004\000.\0008\000\040\000v\000a\000l\000i\000d\000a\000t\000e\000\137\000p\000a\000c\000k\000e\000t\000\050\000\051}{subsection.4.3.4}% 31
\BOOKMARK [1][-]{section.4.4}{\376\377\0004\000.\0004\000\040\000t\000s\000i\000p\000\137\000r\000e\000a\000d\000.\000h\000\040\000F\000i\000l\000e\000\040\000R\000e\000f\000e\000r\000e\000n\000c\000e}{chapter.4}% 32
\BOOKMARK [2][-]{subsection.4.4.1}{\376\377\0004\000.\0004\000.\0001\000\040\000D\000e\000t\000a\000i\000l\000e\000d\000\040\000D\000e\000s\000c\000r\000i\000p\000t\000i\000o\000n}{section.4.4}% 33
\BOOKMARK [2][-]{subsection.4.4.2}{\376\377\0004\000.\0004\000.\0002\000\040\000M\000a\000c\000r\000o\000\040\000D\000e\000f\000i\000n\000i\000t\000i\000o\000n\000\040\000D\000o\000c\000u\000m\000e\000n\000t\000a\000t\000i\000o\000n}{section.4.4}% 34
\BOOKMARK [3][-]{subsubsection.4.4.2.1}{\376\377\0004\000.\0004\000.\0002\000.\0001\000\040\000D\000L\000E}{subsection.4.4.2}% 35
\BOOKMARK [3][-]{subsubsection.4.4.2.2}{\376\377\0004\000.\0004\000.\0002\000.\0002\000\040\000E\000T\000X}{subsection.4.4.2}% 36
\BOOKMARK [2][-]{subsection.4.4.3}{\376\377\0004\000.\0004\000.\0003\000\040\000F\000u\000n\000c\000t\000i\000o\000n\000\040\000D\000o\000c\000u\000m\000e\000n\000t\000a\000t\000i\000o\000n}{section.4.4}% 37
\BOOKMARK [3][-]{subsubsection.4.4.3.1}{\376\377\0004\000.\0004\000.\0003\000.\0001\000\040\000P\000a\000r\000s\000e\000T\000s\000i\000p\000D\000a\000t\000a\000\050\000\051}{subsection.4.4.3}% 38
\BOOKMARK [3][-]{subsubsection.4.4.3.2}{\376\377\0004\000.\0004\000.\0003\000.\0002\000\040\000u\000a\000v\000n\000C\000o\000m\000R\000e\000a\000d\000\050\000\051}{subsection.4.4.3}% 39
\BOOKMARK [2][-]{subsection.4.4.4}{\376\377\0004\000.\0004\000.\0004\000\040\000V\000a\000r\000i\000a\000b\000l\000e\000\040\000D\000o\000c\000u\000m\000e\000n\000t\000a\000t\000i\000o\000n}{section.4.4}% 40
\BOOKMARK [3][-]{subsubsection.4.4.4.1}{\376\377\0004\000.\0004\000.\0004\000.\0001\000\040\000g\000\137\000t\000e\000s\000t\000\137\000d\000a\000t\000a}{subsection.4.4.4}% 41
\BOOKMARK [3][-]{subsubsection.4.4.4.2}{\376\377\0004\000.\0004\000.\0004\000.\0002\000\040\000g\000\137\000t\000e\000s\000t\000\137\000d\000a\000t\000a\000\137\000l\000e\000n}{subsection.4.4.4}% 42
\BOOKMARK [3][-]{subsubsection.4.4.4.3}{\376\377\0004\000.\0004\000.\0004\000.\0003\000\040\000g\000\137\000t\000e\000s\000t\000\137\000d\000a\000t\000a\000\137\000s\000t\000a\000r\000t}{subsection.4.4.4}% 43
\BOOKMARK [3][-]{subsubsection.4.4.4.4}{\376\377\0004\000.\0004\000.\0004\000.\0004\000\040\000g\000\137\000v\000e\000r\000b\000o\000s\000e\000\137\000o\000u\000t\000p\000u\000t}{subsection.4.4.4}% 44
\BOOKMARK [1][-]{section.4.5}{\376\377\0004\000.\0005\000\040\000u\000a\000v\000n\000a\000v\000\137\000m\000a\000i\000n\000.\000c\000\040\000F\000i\000l\000e\000\040\000R\000e\000f\000e\000r\000e\000n\000c\000e}{chapter.4}% 45
\BOOKMARK [2][-]{subsection.4.5.1}{\376\377\0004\000.\0005\000.\0001\000\040\000D\000e\000t\000a\000i\000l\000e\000d\000\040\000D\000e\000s\000c\000r\000i\000p\000t\000i\000o\000n}{section.4.5}% 46
\BOOKMARK [2][-]{subsection.4.5.2}{\376\377\0004\000.\0005\000.\0002\000\040\000F\000u\000n\000c\000t\000i\000o\000n\000\040\000D\000o\000c\000u\000m\000e\000n\000t\000a\000t\000i\000o\000n}{section.4.5}% 47
\BOOKMARK [3][-]{subsubsection.4.5.2.1}{\376\377\0004\000.\0005\000.\0002\000.\0001\000\040\000m\000a\000i\000n\000\050\000\051}{subsection.4.5.2}% 48
\BOOKMARK [3][-]{subsubsection.4.5.2.2}{\376\377\0004\000.\0005\000.\0002\000.\0002\000\040\000t\000e\000s\000t\000\137\000d\000a\000t\000a\000\137\000l\000o\000a\000d\000\050\000\051}{subsection.4.5.2}% 49
\BOOKMARK [2][-]{subsection.4.5.3}{\376\377\0004\000.\0005\000.\0003\000\040\000V\000a\000r\000i\000a\000b\000l\000e\000\040\000D\000o\000c\000u\000m\000e\000n\000t\000a\000t\000i\000o\000n}{section.4.5}% 50
\BOOKMARK [3][-]{subsubsection.4.5.3.1}{\376\377\0004\000.\0005\000.\0003\000.\0001\000\040\000g\000\137\000t\000e\000s\000t\000\137\000d\000a\000t\000a}{subsection.4.5.3}% 51
\BOOKMARK [3][-]{subsubsection.4.5.3.2}{\376\377\0004\000.\0005\000.\0003\000.\0002\000\040\000g\000\137\000t\000e\000s\000t\000\137\000d\000a\000t\000a\000\137\000l\000e\000n}{subsection.4.5.3}% 52
\BOOKMARK [3][-]{subsubsection.4.5.3.3}{\376\377\0004\000.\0005\000.\0003\000.\0003\000\040\000g\000\137\000t\000e\000s\000t\000\137\000d\000a\000t\000a\000\137\000s\000t\000a\000r\000t}{subsection.4.5.3}% 53
\BOOKMARK [3][-]{subsubsection.4.5.3.4}{\376\377\0004\000.\0005\000.\0003\000.\0004\000\040\000g\000\137\000v\000e\000r\000b\000o\000s\000e\000\137\000o\000u\000t\000p\000u\000t}{subsection.4.5.3}% 54
\BOOKMARK [1][-]{section.4.6}{\376\377\0004\000.\0006\000\040\000u\000t\000i\000l\000.\000h\000\040\000F\000i\000l\000e\000\040\000R\000e\000f\000e\000r\000e\000n\000c\000e}{chapter.4}% 55
\BOOKMARK [2][-]{subsection.4.6.1}{\376\377\0004\000.\0006\000.\0001\000\040\000D\000e\000t\000a\000i\000l\000e\000d\000\040\000D\000e\000s\000c\000r\000i\000p\000t\000i\000o\000n}{section.4.6}% 56
\BOOKMARK [2][-]{subsection.4.6.2}{\376\377\0004\000.\0006\000.\0002\000\040\000M\000a\000c\000r\000o\000\040\000D\000e\000f\000i\000n\000i\000t\000i\000o\000n\000\040\000D\000o\000c\000u\000m\000e\000n\000t\000a\000t\000i\000o\000n}{section.4.6}% 57
\BOOKMARK [3][-]{subsubsection.4.6.2.1}{\376\377\0004\000.\0006\000.\0002\000.\0001\000\040\000m\000a\000x}{subsection.4.6.2}% 58
\BOOKMARK [3][-]{subsubsection.4.6.2.2}{\376\377\0004\000.\0006\000.\0002\000.\0002\000\040\000m\000i\000n}{subsection.4.6.2}% 59
\BOOKMARK [2][-]{subsection.4.6.3}{\376\377\0004\000.\0006\000.\0003\000\040\000F\000u\000n\000c\000t\000i\000o\000n\000\040\000D\000o\000c\000u\000m\000e\000n\000t\000a\000t\000i\000o\000n}{section.4.6}% 60
\BOOKMARK [3][-]{subsubsection.4.6.3.1}{\376\377\0004\000.\0006\000.\0003\000.\0001\000\040\000a\000r\000r\000\137\000t\000o\000\137\000i\000n\000t\000\050\000\051}{subsection.4.6.3}% 61
\BOOKMARK [3][-]{subsubsection.4.6.3.2}{\376\377\0004\000.\0006\000.\0003\000.\0002\000\040\000c\000r\000c\0003\0002\000\050\000\051}{subsection.4.6.3}% 62
\BOOKMARK [2][-]{subsection.4.6.4}{\376\377\0004\000.\0006\000.\0004\000\040\000V\000a\000r\000i\000a\000b\000l\000e\000\040\000D\000o\000c\000u\000m\000e\000n\000t\000a\000t\000i\000o\000n}{section.4.6}% 63
\BOOKMARK [3][-]{subsubsection.4.6.4.1}{\376\377\0004\000.\0006\000.\0004\000.\0001\000\040\000c\000r\000c\0003\0002\000\137\000t\000a\000b\000l\000e}{subsection.4.6.4}% 64
\BOOKMARK [0][-]{section*.20}{\376\377\000I\000n\000d\000e\000x}{}% 65
